<?xml version="1.0" encoding="UTF-8"?>
<coverage generated="1583331591972" clover="3.2.0">
  <project timestamp="1583331591973" name="All files">
    <metrics statements="22" coveredstatements="22" conditionals="17" coveredconditionals="16" methods="4" coveredmethods="4" elements="43" coveredelements="42" complexity="0" loc="22" ncloc="22" packages="1" files="1" classes="1"/>
    <file name="index.js" path="/Users/lunelson/Git/packages/postcss-pseudo-any/index.js">
      <metrics statements="22" coveredstatements="22" conditionals="17" coveredconditionals="16" methods="4" coveredmethods="4"/>
      <line num="2" count="1" type="stmt"/>
      <line num="24" count="1" type="cond" truecount="1" falsecount="0"/>
      <line num="29" count="5" type="cond" truecount="4" falsecount="0"/>
      <line num="30" count="5" type="stmt"/>
      <line num="31" count="5" type="stmt"/>
      <line num="32" count="5" type="cond" truecount="1" falsecount="1"/>
      <line num="33" count="5" type="stmt"/>
      <line num="34" count="5" type="stmt"/>
      <line num="35" count="5" type="stmt"/>
      <line num="36" count="5" type="stmt"/>
      <line num="37" count="5" type="stmt"/>
      <line num="38" count="34" type="cond" truecount="2" falsecount="0"/>
      <line num="39" count="20" type="stmt"/>
      <line num="40" count="20" type="stmt"/>
      <line num="41" count="14" type="cond" truecount="2" falsecount="0"/>
      <line num="42" count="10" type="stmt"/>
      <line num="44" count="34" type="stmt"/>
      <line num="46" count="5" type="stmt"/>
      <line num="47" count="5" type="stmt"/>
      <line num="48" count="5" type="cond" truecount="4" falsecount="0"/>
      <line num="49" count="1" type="stmt"/>
      <line num="56" count="1" type="stmt"/>
    </file>
  </project>
</coverage>
