{"/Users/lunelson/Git/packages/postcss-pseudo-any/index.js": {"path":"/Users/lunelson/Git/packages/postcss-pseudo-any/index.js","statementMap":{"0":{"start":{"line":2,"column":14},"end":{"line":2,"column":32}},"1":{"start":{"line":24,"column":25},"end":{"line":54,"column":2}},"2":{"start":{"line":29,"column":14},"end":{"line":29,"column":122}},"3":{"start":{"line":30,"column":2},"end":{"line":53,"column":3}},"4":{"start":{"line":31,"column":4},"end":{"line":52,"column":6}},"5":{"start":{"line":32,"column":6},"end":{"line":51,"column":7}},"6":{"start":{"line":33,"column":22},"end":{"line":33,"column":40}},"7":{"start":{"line":34,"column":25},"end":{"line":34,"column":43}},"8":{"start":{"line":35,"column":27},"end":{"line":35,"column":29}},"9":{"start":{"line":36,"column":30},"end":{"line":36,"column":32}},"10":{"start":{"line":37,"column":8},"end":{"line":45,"column":14}},"11":{"start":{"line":38,"column":10},"end":{"line":43,"column":11}},"12":{"start":{"line":39,"column":12},"end":{"line":39,"column":63}},"13":{"start":{"line":40,"column":12},"end":{"line":40,"column":69}},"14":{"start":{"line":41,"column":17},"end":{"line":43,"column":11}},"15":{"start":{"line":42,"column":12},"end":{"line":42,"column":25}},"16":{"start":{"line":44,"column":10},"end":{"line":44,"column":20}},"17":{"start":{"line":46,"column":8},"end":{"line":46,"column":40}},"18":{"start":{"line":47,"column":8},"end":{"line":47,"column":46}},"19":{"start":{"line":48,"column":8},"end":{"line":50,"column":9}},"20":{"start":{"line":49,"column":10},"end":{"line":49,"column":23}},"21":{"start":{"line":56,"column":0},"end":{"line":56,"column":33}}},"fnMap":{"0":{"name":"(anonymous_0)","decl":{"start":{"line":24,"column":62},"end":{"line":24,"column":63}},"loc":{"start":{"line":27,"column":11},"end":{"line":54,"column":1}},"line":27},"1":{"name":"(anonymous_1)","decl":{"start":{"line":30,"column":9},"end":{"line":30,"column":10}},"loc":{"start":{"line":30,"column":17},"end":{"line":53,"column":3}},"line":30},"2":{"name":"(anonymous_2)","decl":{"start":{"line":31,"column":19},"end":{"line":31,"column":20}},"loc":{"start":{"line":31,"column":27},"end":{"line":52,"column":5}},"line":31},"3":{"name":"(anonymous_3)","decl":{"start":{"line":37,"column":47},"end":{"line":37,"column":48}},"loc":{"start":{"line":37,"column":61},"end":{"line":45,"column":9}},"line":37}},"branchMap":{"0":{"loc":{"start":{"line":24,"column":63},"end":{"line":27,"column":6}},"type":"default-arg","locations":[{"start":{"line":27,"column":4},"end":{"line":27,"column":6}}],"line":24},"1":{"loc":{"start":{"line":25,"column":2},"end":{"line":25,"column":20}},"type":"default-arg","locations":[{"start":{"line":25,"column":16},"end":{"line":25,"column":20}}],"line":25},"2":{"loc":{"start":{"line":26,"column":2},"end":{"line":26,"column":23}},"type":"default-arg","locations":[{"start":{"line":26,"column":18},"end":{"line":26,"column":23}}],"line":26},"3":{"loc":{"start":{"line":29,"column":33},"end":{"line":29,"column":65}},"type":"cond-expr","locations":[{"start":{"line":29,"column":47},"end":{"line":29,"column":60}},{"start":{"line":29,"column":63},"end":{"line":29,"column":65}}],"line":29},"4":{"loc":{"start":{"line":29,"column":70},"end":{"line":29,"column":111}},"type":"cond-expr","locations":[{"start":{"line":29,"column":86},"end":{"line":29,"column":106}},{"start":{"line":29,"column":109},"end":{"line":29,"column":111}}],"line":29},"5":{"loc":{"start":{"line":32,"column":6},"end":{"line":51,"column":7}},"type":"if","locations":[{"start":{"line":32,"column":6},"end":{"line":51,"column":7}},{"start":{"line":32,"column":6},"end":{"line":51,"column":7}}],"line":32},"6":{"loc":{"start":{"line":38,"column":10},"end":{"line":43,"column":11}},"type":"if","locations":[{"start":{"line":38,"column":10},"end":{"line":43,"column":11}},{"start":{"line":38,"column":10},"end":{"line":43,"column":11}}],"line":38},"7":{"loc":{"start":{"line":41,"column":17},"end":{"line":43,"column":11}},"type":"if","locations":[{"start":{"line":41,"column":17},"end":{"line":43,"column":11}},{"start":{"line":41,"column":17},"end":{"line":43,"column":11}}],"line":41},"8":{"loc":{"start":{"line":48,"column":8},"end":{"line":50,"column":9}},"type":"if","locations":[{"start":{"line":48,"column":8},"end":{"line":50,"column":9}},{"start":{"line":48,"column":8},"end":{"line":50,"column":9}}],"line":48},"9":{"loc":{"start":{"line":48,"column":12},"end":{"line":48,"column":67}},"type":"binary-expr","locations":[{"start":{"line":48,"column":12},"end":{"line":48,"column":39}},{"start":{"line":48,"column":43},"end":{"line":48,"column":67}}],"line":48}},"s":{"0":1,"1":1,"2":5,"3":5,"4":5,"5":5,"6":5,"7":5,"8":5,"9":5,"10":5,"11":34,"12":20,"13":20,"14":14,"15":10,"16":34,"17":5,"18":5,"19":5,"20":1,"21":1},"f":{"0":5,"1":5,"2":5,"3":34},"b":{"0":[3],"1":[4],"2":[4],"3":[4,1],"4":[1,4],"5":[5,0],"6":[20,14],"7":[10,4],"8":[1,4],"9":[5,3]},"_coverageSchema":"43e27e138ebf9cfc5966b082cf9a028302ed4184","hash":"a8f77a1cf8c41f3411d0023e2f2d6e8fddd1770f"}
}
