TN:
SF:/Users/lunelson/Git/packages/postcss-pseudo-any/index.js
FN:24,(anonymous_0)
FN:30,(anonymous_1)
FN:31,(anonymous_2)
FN:37,(anonymous_3)
FNF:4
FNH:4
FNDA:5,(anonymous_0)
FNDA:5,(anonymous_1)
FNDA:5,(anonymous_2)
FNDA:34,(anonymous_3)
DA:2,1
DA:24,1
DA:29,5
DA:30,5
DA:31,5
DA:32,5
DA:33,5
DA:34,5
DA:35,5
DA:36,5
DA:37,5
DA:38,34
DA:39,20
DA:40,20
DA:41,14
DA:42,10
DA:44,34
DA:46,5
DA:47,5
DA:48,5
DA:49,1
DA:56,1
LF:22
LH:22
BRDA:24,0,0,3
BRDA:25,1,0,4
BRDA:26,2,0,4
BRDA:29,3,0,4
BRDA:29,3,1,1
BRDA:29,4,0,1
BRDA:29,4,1,4
BRDA:32,5,0,5
BRDA:32,5,1,0
BRDA:38,6,0,20
BRDA:38,6,1,14
BRDA:41,7,0,10
BRDA:41,7,1,4
BRDA:48,8,0,1
BRDA:48,8,1,4
BRDA:48,9,0,5
BRDA:48,9,1,3
BRF:17
BRH:16
end_of_record
